Alignment Report
Merge Threshold: 0.9
Review Threshold: 0.85
================================================
MERGE: '黄斑区视网膜变性' <-> '老年' (Score: 0.9721)
MERGE: '视网膜病变' <-> '增殖性糖尿病性视网膜病变' (Score: 0.9422)
MERGE: '视网膜病变' <-> 'PDR' (Score: 0.9410)
MERGE: '相关分析' <-> '盲人' (Score: 0.9368)
MERGE: '眼睛' <-> '角膜移植术' (Score: 0.9346)
MERGE: '葡萄膜炎' <-> '眼压降低' (Score: 0.9335)
MERGE: '低视力患者' <-> '术后炎症' (Score: 0.9333)
MERGE: '低视力患者' <-> '难以发现餐具或食物' (Score: 0.9243)
MERGE: '增殖性糖尿病性视网膜病变' <-> 'PDR' (Score: 0.9216)
MERGE: '低血糖' <-> '角膜瘢痕致盲' (Score: 0.9183)
MERGE: '感染' <-> '矫正视力不良' (Score: 0.9177)
MERGE: '角膜瘢痕致盲' <-> '降眼压效果' (Score: 0.9133)
MERGE: '角膜瘢痕致盲' <-> '葡萄膜炎' (Score: 0.9094)
MERGE: '白内障' <-> '视物异常' (Score: 0.9081)
MERGE: '流行性出血性结膜炎' <-> '老年' (Score: 0.9049)
MERGE: '角膜' <-> '开角型青光眼患者' (Score: 0.9048)
MERGE: '视力疲劳' <-> '盘丝尾蚴病' (Score: 0.9022)
MERGE: '角膜' <-> '晶状体' (Score: 0.9016)
REVIEW: '降眼压效果' <-> '眼压降低' (Score: 0.8975)
REVIEW: '筛查试验' <-> '眼科疾病' (Score: 0.8969)
REVIEW: '难以发现餐具或食物' <-> '高眼压症' (Score: 0.8921)
REVIEW: '出血' <-> '矫正视力不良' (Score: 0.8819)
REVIEW: '加强胰岛素疗法' <-> '流行性出血性结膜炎' (Score: 0.8816)
REVIEW: '模糊' <-> '视神经损伤' (Score: 0.8787)
REVIEW: '低视力康复' <-> '借助于常规光学助视器又无明显效果的低视力患者' (Score: 0.8780)
REVIEW: '新生儿眼炎' <-> '糖化血红蛋白' (Score: 0.8770)
REVIEW: '低视力患者' <-> '视物异常' (Score: 0.8769)
REVIEW: '低视力患者' <-> '高眼压症' (Score: 0.8759)
REVIEW: '难以发现餐具或食物' <-> '术后炎症' (Score: 0.8740)
REVIEW: '流行性出血性结膜炎' <-> '黄斑区视网膜变性' (Score: 0.8733)
REVIEW: '模糊' <-> '原发性开角型青光眼' (Score: 0.8731)
REVIEW: '视网膜脱落' <-> '低视力患者' (Score: 0.8707)
REVIEW: '感染' <-> '视力损伤者' (Score: 0.8661)
REVIEW: '双眼盲' <-> '弱视' (Score: 0.8649)
REVIEW: '角膜移植术' <-> '低视力康复' (Score: 0.8637)
REVIEW: '难以发现餐具或食物' <-> '视物异常' (Score: 0.8571)
REVIEW: '视网膜脱落' <-> '术后炎症' (Score: 0.8561)
REVIEW: '视网膜检影' <-> '糖化血红蛋白' (Score: 0.8551)
REVIEW: '降眼压效果' <-> '炎症' (Score: 0.8537)
REVIEW: '单眼低视力' <-> '血清中抗视网膜抗体' (Score: 0.8517)